Added Component: Designator=LCD(ILI9341)
Add Pin To Net: Unknown Pin: Pin LCD-0
Added Pin To Net: NetName=GND Pin=LCD-1
Added Pin To Net: NetName=+3V3 Pin=LCD-7
Added Pin To Net: NetName=+3V3 Pin=U4-1
Added Net: Name=+3V3
Added Pin To Net: NetName=CLK Pin=LCD-6
Added Pin To Net: NetName=CLK Pin=U4-23
Added Net: Name=CLK
Added Pin To Net: NetName=CS Pin=LCD-2
Added Pin To Net: NetName=CS Pin=U4-24
Added Net: Name=CS
Added Pin To Net: NetName=MOSI Pin=LCD-5
Added Pin To Net: NetName=MOSI Pin=U4-19
Added Net: Name=MOSI
Added Pin To Net: NetName=TFT_RS Pin=LCD-4
Added Pin To Net: NetName=TFT_RS Pin=U4-15
Added Net: Name=TFT_RS
Added Pin To Net: NetName=TFT_RST Pin=LCD-3
Added Pin To Net: NetName=TFT_RST Pin=U4-16
Added Net: Name=TFT_RST
Added Member To Class: ClassName=Sheet1 Member=Component LCD ILI9341 LCD TFT Display
